<?xml version="1.0" encoding="UTF-8"?>
<testsuite xmlns:xsi="http://www.w3.org/2001/XMLSchema-instance" xsi:noNamespaceSchemaLocation="https://maven.apache.org/surefire/maven-surefire-plugin/xsd/surefire-test-report.xsd" name="com.example.demo.DemoApplicationTests" time="11.341" tests="1" errors="0" skipped="0" failures="0">
  <properties>
    <property name="sun.desktop" value="windows"/>
    <property name="awt.toolkit" value="sun.awt.windows.WToolkit"/>
    <property name="java.specification.version" value="11"/>
    <property name="sun.cpu.isalist" value="amd64"/>
    <property name="sun.jnu.encoding" value="Cp1252"/>
    <property name="java.class.path" value="C:\Users\A704600\Dropbox\REST\Spring\target\test-classes;C:\Users\A704600\Dropbox\REST\Spring\target\classes;C:\Users\A704600\.m2\repository\org\springframework\boot\spring-boot-starter\2.1.8.RELEASE\spring-boot-starter-2.1.8.RELEASE.jar;C:\Users\A704600\.m2\repository\org\springframework\boot\spring-boot\2.1.8.RELEASE\spring-boot-2.1.8.RELEASE.jar;C:\Users\A704600\.m2\repository\org\springframework\spring-context\5.1.9.RELEASE\spring-context-5.1.9.RELEASE.jar;C:\Users\A704600\.m2\repository\org\springframework\boot\spring-boot-autoconfigure\2.1.8.RELEASE\spring-boot-autoconfigure-2.1.8.RELEASE.jar;C:\Users\A704600\.m2\repository\org\springframework\boot\spring-boot-starter-logging\2.1.8.RELEASE\spring-boot-starter-logging-2.1.8.RELEASE.jar;C:\Users\A704600\.m2\repository\ch\qos\logback\logback-classic\1.2.3\logback-classic-1.2.3.jar;C:\Users\A704600\.m2\repository\ch\qos\logback\logback-core\1.2.3\logback-core-1.2.3.jar;C:\Users\A704600\.m2\repository\org\apache\logging\log4j\log4j-to-slf4j\2.11.2\log4j-to-slf4j-2.11.2.jar;C:\Users\A704600\.m2\repository\org\apache\logging\log4j\log4j-api\2.11.2\log4j-api-2.11.2.jar;C:\Users\A704600\.m2\repository\org\slf4j\jul-to-slf4j\1.7.28\jul-to-slf4j-1.7.28.jar;C:\Users\A704600\.m2\repository\javax\annotation\javax.annotation-api\1.3.2\javax.annotation-api-1.3.2.jar;C:\Users\A704600\.m2\repository\org\springframework\spring-core\5.1.9.RELEASE\spring-core-5.1.9.RELEASE.jar;C:\Users\A704600\.m2\repository\org\springframework\spring-jcl\5.1.9.RELEASE\spring-jcl-5.1.9.RELEASE.jar;C:\Users\A704600\.m2\repository\org\yaml\snakeyaml\1.23\snakeyaml-1.23.jar;C:\Users\A704600\.m2\repository\org\springframework\boot\spring-boot-starter-test\2.1.8.RELEASE\spring-boot-starter-test-2.1.8.RELEASE.jar;C:\Users\A704600\.m2\repository\org\springframework\boot\spring-boot-test\2.1.8.RELEASE\spring-boot-test-2.1.8.RELEASE.jar;C:\Users\A704600\.m2\repository\org\springframework\boot\spring-boot-test-autoconfigure\2.1.8.RELEASE\spring-boot-test-autoconfigure-2.1.8.RELEASE.jar;C:\Users\A704600\.m2\repository\com\jayway\jsonpath\json-path\2.4.0\json-path-2.4.0.jar;C:\Users\A704600\.m2\repository\net\minidev\json-smart\2.3\json-smart-2.3.jar;C:\Users\A704600\.m2\repository\net\minidev\accessors-smart\1.2\accessors-smart-1.2.jar;C:\Users\A704600\.m2\repository\junit\junit\4.12\junit-4.12.jar;C:\Users\A704600\.m2\repository\org\assertj\assertj-core\3.11.1\assertj-core-3.11.1.jar;C:\Users\A704600\.m2\repository\org\mockito\mockito-core\2.23.4\mockito-core-2.23.4.jar;C:\Users\A704600\.m2\repository\net\bytebuddy\byte-buddy\1.9.16\byte-buddy-1.9.16.jar;C:\Users\A704600\.m2\repository\net\bytebuddy\byte-buddy-agent\1.9.16\byte-buddy-agent-1.9.16.jar;C:\Users\A704600\.m2\repository\org\objenesis\objenesis\2.6\objenesis-2.6.jar;C:\Users\A704600\.m2\repository\org\hamcrest\hamcrest-core\1.3\hamcrest-core-1.3.jar;C:\Users\A704600\.m2\repository\org\hamcrest\hamcrest-library\1.3\hamcrest-library-1.3.jar;C:\Users\A704600\.m2\repository\org\skyscreamer\jsonassert\1.5.0\jsonassert-1.5.0.jar;C:\Users\A704600\.m2\repository\org\springframework\spring-test\5.1.9.RELEASE\spring-test-5.1.9.RELEASE.jar;C:\Users\A704600\.m2\repository\org\xmlunit\xmlunit-core\2.6.3\xmlunit-core-2.6.3.jar;C:\Users\A704600\.m2\repository\javax\xml\bind\jaxb-api\2.3.1\jaxb-api-2.3.1.jar;C:\Users\A704600\.m2\repository\javax\activation\javax.activation-api\1.2.0\javax.activation-api-1.2.0.jar;C:\Users\A704600\.m2\repository\org\springframework\boot\spring-boot-starter-thymeleaf\2.1.8.RELEASE\spring-boot-starter-thymeleaf-2.1.8.RELEASE.jar;C:\Users\A704600\.m2\repository\org\thymeleaf\thymeleaf-spring5\3.0.11.RELEASE\thymeleaf-spring5-3.0.11.RELEASE.jar;C:\Users\A704600\.m2\repository\org\thymeleaf\thymeleaf\3.0.11.RELEASE\thymeleaf-3.0.11.RELEASE.jar;C:\Users\A704600\.m2\repository\org\attoparser\attoparser\2.0.5.RELEASE\attoparser-2.0.5.RELEASE.jar;C:\Users\A704600\.m2\repository\org\unbescape\unbescape\1.1.6.RELEASE\unbescape-1.1.6.RELEASE.jar;C:\Users\A704600\.m2\repository\org\thymeleaf\extras\thymeleaf-extras-java8time\3.0.4.RELEASE\thymeleaf-extras-java8time-3.0.4.RELEASE.jar;C:\Users\A704600\.m2\repository\org\springframework\boot\spring-boot-starter-web\2.1.8.RELEASE\spring-boot-starter-web-2.1.8.RELEASE.jar;C:\Users\A704600\.m2\repository\org\springframework\boot\spring-boot-starter-json\2.1.8.RELEASE\spring-boot-starter-json-2.1.8.RELEASE.jar;C:\Users\A704600\.m2\repository\com\fasterxml\jackson\core\jackson-databind\2.9.9.3\jackson-databind-2.9.9.3.jar;C:\Users\A704600\.m2\repository\com\fasterxml\jackson\core\jackson-annotations\2.9.0\jackson-annotations-2.9.0.jar;C:\Users\A704600\.m2\repository\com\fasterxml\jackson\core\jackson-core\2.9.9\jackson-core-2.9.9.jar;C:\Users\A704600\.m2\repository\com\fasterxml\jackson\datatype\jackson-datatype-jdk8\2.9.9\jackson-datatype-jdk8-2.9.9.jar;C:\Users\A704600\.m2\repository\com\fasterxml\jackson\datatype\jackson-datatype-jsr310\2.9.9\jackson-datatype-jsr310-2.9.9.jar;C:\Users\A704600\.m2\repository\com\fasterxml\jackson\module\jackson-module-parameter-names\2.9.9\jackson-module-parameter-names-2.9.9.jar;C:\Users\A704600\.m2\repository\org\hibernate\validator\hibernate-validator\6.0.17.Final\hibernate-validator-6.0.17.Final.jar;C:\Users\A704600\.m2\repository\javax\validation\validation-api\2.0.1.Final\validation-api-2.0.1.Final.jar;C:\Users\A704600\.m2\repository\org\jboss\logging\jboss-logging\3.3.3.Final\jboss-logging-3.3.3.Final.jar;C:\Users\A704600\.m2\repository\com\fasterxml\classmate\1.4.0\classmate-1.4.0.jar;C:\Users\A704600\.m2\repository\org\springframework\spring-web\5.1.9.RELEASE\spring-web-5.1.9.RELEASE.jar;C:\Users\A704600\.m2\repository\org\springframework\spring-beans\5.1.9.RELEASE\spring-beans-5.1.9.RELEASE.jar;C:\Users\A704600\.m2\repository\org\springframework\spring-webmvc\5.1.9.RELEASE\spring-webmvc-5.1.9.RELEASE.jar;C:\Users\A704600\.m2\repository\org\springframework\spring-expression\5.1.9.RELEASE\spring-expression-5.1.9.RELEASE.jar;C:\Users\A704600\.m2\repository\org\springframework\boot\spring-boot-starter-jetty\2.1.6.RELEASE\spring-boot-starter-jetty-2.1.6.RELEASE.jar;C:\Users\A704600\.m2\repository\org\eclipse\jetty\jetty-servlets\9.4.19.v20190610\jetty-servlets-9.4.19.v20190610.jar;C:\Users\A704600\.m2\repository\org\eclipse\jetty\jetty-continuation\9.4.19.v20190610\jetty-continuation-9.4.19.v20190610.jar;C:\Users\A704600\.m2\repository\org\eclipse\jetty\jetty-http\9.4.19.v20190610\jetty-http-9.4.19.v20190610.jar;C:\Users\A704600\.m2\repository\org\eclipse\jetty\jetty-util\9.4.19.v20190610\jetty-util-9.4.19.v20190610.jar;C:\Users\A704600\.m2\repository\org\eclipse\jetty\jetty-io\9.4.19.v20190610\jetty-io-9.4.19.v20190610.jar;C:\Users\A704600\.m2\repository\org\eclipse\jetty\jetty-webapp\9.4.19.v20190610\jetty-webapp-9.4.19.v20190610.jar;C:\Users\A704600\.m2\repository\org\eclipse\jetty\jetty-xml\9.4.19.v20190610\jetty-xml-9.4.19.v20190610.jar;C:\Users\A704600\.m2\repository\org\eclipse\jetty\jetty-servlet\9.4.19.v20190610\jetty-servlet-9.4.19.v20190610.jar;C:\Users\A704600\.m2\repository\org\eclipse\jetty\jetty-security\9.4.19.v20190610\jetty-security-9.4.19.v20190610.jar;C:\Users\A704600\.m2\repository\org\eclipse\jetty\jetty-server\9.4.19.v20190610\jetty-server-9.4.19.v20190610.jar;C:\Users\A704600\.m2\repository\org\eclipse\jetty\websocket\websocket-server\9.4.19.v20190610\websocket-server-9.4.19.v20190610.jar;C:\Users\A704600\.m2\repository\org\eclipse\jetty\websocket\websocket-common\9.4.19.v20190610\websocket-common-9.4.19.v20190610.jar;C:\Users\A704600\.m2\repository\org\eclipse\jetty\websocket\websocket-api\9.4.19.v20190610\websocket-api-9.4.19.v20190610.jar;C:\Users\A704600\.m2\repository\org\eclipse\jetty\websocket\websocket-client\9.4.19.v20190610\websocket-client-9.4.19.v20190610.jar;C:\Users\A704600\.m2\repository\org\eclipse\jetty\jetty-client\9.4.19.v20190610\jetty-client-9.4.19.v20190610.jar;C:\Users\A704600\.m2\repository\org\eclipse\jetty\websocket\websocket-servlet\9.4.19.v20190610\websocket-servlet-9.4.19.v20190610.jar;C:\Users\A704600\.m2\repository\javax\servlet\javax.servlet-api\4.0.1\javax.servlet-api-4.0.1.jar;C:\Users\A704600\.m2\repository\org\eclipse\jetty\websocket\javax-websocket-server-impl\9.4.19.v20190610\javax-websocket-server-impl-9.4.19.v20190610.jar;C:\Users\A704600\.m2\repository\org\eclipse\jetty\jetty-annotations\9.4.19.v20190610\jetty-annotations-9.4.19.v20190610.jar;C:\Users\A704600\.m2\repository\org\eclipse\jetty\jetty-plus\9.4.19.v20190610\jetty-plus-9.4.19.v20190610.jar;C:\Users\A704600\.m2\repository\org\ow2\asm\asm\7.1\asm-7.1.jar;C:\Users\A704600\.m2\repository\org\ow2\asm\asm-commons\7.1\asm-commons-7.1.jar;C:\Users\A704600\.m2\repository\org\ow2\asm\asm-tree\7.1\asm-tree-7.1.jar;C:\Users\A704600\.m2\repository\org\ow2\asm\asm-analysis\7.1\asm-analysis-7.1.jar;C:\Users\A704600\.m2\repository\org\eclipse\jetty\websocket\javax-websocket-client-impl\9.4.19.v20190610\javax-websocket-client-impl-9.4.19.v20190610.jar;C:\Users\A704600\.m2\repository\javax\websocket\javax.websocket-api\1.1\javax.websocket-api-1.1.jar;C:\Users\A704600\.m2\repository\org\mortbay\jasper\apache-el\8.5.40\apache-el-8.5.40.jar;C:\Users\A704600\.m2\repository\org\springframework\boot\spring-boot-starter-security\2.1.8.RELEASE\spring-boot-starter-security-2.1.8.RELEASE.jar;C:\Users\A704600\.m2\repository\org\springframework\spring-aop\5.1.9.RELEASE\spring-aop-5.1.9.RELEASE.jar;C:\Users\A704600\.m2\repository\org\springframework\security\spring-security-config\5.1.6.RELEASE\spring-security-config-5.1.6.RELEASE.jar;C:\Users\A704600\.m2\repository\org\springframework\security\spring-security-core\5.1.6.RELEASE\spring-security-core-5.1.6.RELEASE.jar;C:\Users\A704600\.m2\repository\org\springframework\security\spring-security-web\5.1.6.RELEASE\spring-security-web-5.1.6.RELEASE.jar;C:\Users\A704600\.m2\repository\com\google\code\gson\gson\2.8.5\gson-2.8.5.jar;C:\Users\A704600\.m2\repository\com\google\cloud\google-cloud-firestore\1.23.0\google-cloud-firestore-1.23.0.jar;C:\Users\A704600\.m2\repository\com\google\cloud\google-cloud-core-grpc\1.90.0\google-cloud-core-grpc-1.90.0.jar;C:\Users\A704600\.m2\repository\com\google\auth\google-auth-library-credentials\0.17.1\google-auth-library-credentials-0.17.1.jar;C:\Users\A704600\.m2\repository\com\google\cloud\google-cloud-core\1.90.0\google-cloud-core-1.90.0.jar;C:\Users\A704600\.m2\repository\com\google\api\gax\1.48.1\gax-1.48.1.jar;C:\Users\A704600\.m2\repository\com\google\protobuf\protobuf-java-util\3.9.1\protobuf-java-util-3.9.1.jar;C:\Users\A704600\.m2\repository\com\google\errorprone\error_prone_annotations\2.3.2\error_prone_annotations-2.3.2.jar;C:\Users\A704600\.m2\repository\com\google\api\grpc\proto-google-iam-v1\0.12.0\proto-google-iam-v1-0.12.0.jar;C:\Users\A704600\.m2\repository\com\google\api\gax-grpc\1.48.1\gax-grpc-1.48.1.jar;C:\Users\A704600\.m2\repository\io\grpc\grpc-stub\1.23.0\grpc-stub-1.23.0.jar;C:\Users\A704600\.m2\repository\io\grpc\grpc-api\1.23.0\grpc-api-1.23.0.jar;C:\Users\A704600\.m2\repository\io\grpc\grpc-auth\1.23.0\grpc-auth-1.23.0.jar;C:\Users\A704600\.m2\repository\io\grpc\grpc-protobuf\1.23.0\grpc-protobuf-1.23.0.jar;C:\Users\A704600\.m2\repository\io\grpc\grpc-protobuf-lite\1.23.0\grpc-protobuf-lite-1.23.0.jar;C:\Users\A704600\.m2\repository\org\threeten\threetenbp\1.3.3\threetenbp-1.3.3.jar;C:\Users\A704600\.m2\repository\io\grpc\grpc-netty-shaded\1.23.0\grpc-netty-shaded-1.23.0.jar;C:\Users\A704600\.m2\repository\io\grpc\grpc-core\1.23.0\grpc-core-1.23.0.jar;C:\Users\A704600\.m2\repository\com\google\android\annotations\4.1.1.4\annotations-4.1.1.4.jar;C:\Users\A704600\.m2\repository\io\perfmark\perfmark-api\0.17.0\perfmark-api-0.17.0.jar;C:\Users\A704600\.m2\repository\io\opencensus\opencensus-contrib-grpc-metrics\0.21.0\opencensus-contrib-grpc-metrics-0.21.0.jar;C:\Users\A704600\.m2\repository\io\grpc\grpc-alts\1.23.0\grpc-alts-1.23.0.jar;C:\Users\A704600\.m2\repository\io\grpc\grpc-grpclb\1.23.0\grpc-grpclb-1.23.0.jar;C:\Users\A704600\.m2\repository\org\apache\commons\commons-lang3\3.8.1\commons-lang3-3.8.1.jar;C:\Users\A704600\.m2\repository\com\google\api\grpc\proto-google-cloud-firestore-admin-v1\1.23.0\proto-google-cloud-firestore-admin-v1-1.23.0.jar;C:\Users\A704600\.m2\repository\com\google\protobuf\protobuf-java\3.10.0\protobuf-java-3.10.0.jar;C:\Users\A704600\.m2\repository\com\google\api\grpc\proto-google-common-protos\1.16.0\proto-google-common-protos-1.16.0.jar;C:\Users\A704600\.m2\repository\com\google\api\grpc\proto-google-cloud-firestore-v1\1.23.0\proto-google-cloud-firestore-v1-1.23.0.jar;C:\Users\A704600\.m2\repository\com\google\api\grpc\proto-google-cloud-firestore-v1beta1\0.76.0\proto-google-cloud-firestore-v1beta1-0.76.0.jar;C:\Users\A704600\.m2\repository\io\opencensus\opencensus-contrib-grpc-util\0.24.0\opencensus-contrib-grpc-util-0.24.0.jar;C:\Users\A704600\.m2\repository\io\opencensus\opencensus-api\0.24.0\opencensus-api-0.24.0.jar;C:\Users\A704600\.m2\repository\io\grpc\grpc-context\1.22.1\grpc-context-1.22.1.jar;C:\Users\A704600\.m2\repository\com\google\firebase\firebase-admin\6.10.0\firebase-admin-6.10.0.jar;C:\Users\A704600\.m2\repository\com\google\api-client\google-api-client\1.30.1\google-api-client-1.30.1.jar;C:\Users\A704600\.m2\repository\com\google\oauth-client\google-oauth-client\1.30.1\google-oauth-client-1.30.1.jar;C:\Users\A704600\.m2\repository\com\google\http-client\google-http-client-jackson2\1.30.1\google-http-client-jackson2-1.30.1.jar;C:\Users\A704600\.m2\repository\com\google\api-client\google-api-client-gson\1.30.1\google-api-client-gson-1.30.1.jar;C:\Users\A704600\.m2\repository\com\google\http-client\google-http-client-gson\1.30.1\google-http-client-gson-1.30.1.jar;C:\Users\A704600\.m2\repository\com\google\http-client\google-http-client\1.30.1\google-http-client-1.30.1.jar;C:\Users\A704600\.m2\repository\org\apache\httpcomponents\httpclient\4.5.9\httpclient-4.5.9.jar;C:\Users\A704600\.m2\repository\org\apache\httpcomponents\httpcore\4.4.12\httpcore-4.4.12.jar;C:\Users\A704600\.m2\repository\commons-codec\commons-codec\1.11\commons-codec-1.11.jar;C:\Users\A704600\.m2\repository\com\google\code\findbugs\jsr305\3.0.2\jsr305-3.0.2.jar;C:\Users\A704600\.m2\repository\com\google\j2objc\j2objc-annotations\1.3\j2objc-annotations-1.3.jar;C:\Users\A704600\.m2\repository\io\opencensus\opencensus-contrib-http-util\0.21.0\opencensus-contrib-http-util-0.21.0.jar;C:\Users\A704600\.m2\repository\com\google\api\api-common\1.8.1\api-common-1.8.1.jar;C:\Users\A704600\.m2\repository\com\google\auth\google-auth-library-oauth2-http\0.16.1\google-auth-library-oauth2-http-0.16.1.jar;C:\Users\A704600\.m2\repository\com\google\cloud\google-cloud-storage\1.79.0\google-cloud-storage-1.79.0.jar;C:\Users\A704600\.m2\repository\com\google\cloud\google-cloud-core-http\1.79.0\google-cloud-core-http-1.79.0.jar;C:\Users\A704600\.m2\repository\com\google\http-client\google-http-client-appengine\1.30.1\google-http-client-appengine-1.30.1.jar;C:\Users\A704600\.m2\repository\com\google\api\gax-httpjson\0.63.1\gax-httpjson-0.63.1.jar;C:\Users\A704600\.m2\repository\com\google\apis\google-api-services-storage\v1-rev20190523-1.28.0\google-api-services-storage-v1-rev20190523-1.28.0.jar;C:\Users\A704600\.m2\repository\com\google\guava\guava\26.0-android\guava-26.0-android.jar;C:\Users\A704600\.m2\repository\org\checkerframework\checker-compat-qual\2.5.2\checker-compat-qual-2.5.2.jar;C:\Users\A704600\.m2\repository\org\codehaus\mojo\animal-sniffer-annotations\1.14\animal-sniffer-annotations-1.14.jar;C:\Users\A704600\.m2\repository\org\slf4j\slf4j-api\1.7.28\slf4j-api-1.7.28.jar;C:\Users\A704600\.m2\repository\io\netty\netty-codec-http\4.1.39.Final\netty-codec-http-4.1.39.Final.jar;C:\Users\A704600\.m2\repository\io\netty\netty-common\4.1.39.Final\netty-common-4.1.39.Final.jar;C:\Users\A704600\.m2\repository\io\netty\netty-buffer\4.1.39.Final\netty-buffer-4.1.39.Final.jar;C:\Users\A704600\.m2\repository\io\netty\netty-codec\4.1.39.Final\netty-codec-4.1.39.Final.jar;C:\Users\A704600\.m2\repository\io\netty\netty-handler\4.1.39.Final\netty-handler-4.1.39.Final.jar;C:\Users\A704600\.m2\repository\io\netty\netty-transport\4.1.39.Final\netty-transport-4.1.39.Final.jar;C:\Users\A704600\.m2\repository\io\netty\netty-resolver\4.1.39.Final\netty-resolver-4.1.39.Final.jar;C:\Users\A704600\.m2\repository\com\vaadin\external\google\android-json\0.0.20131108.vaadin1\android-json-0.0.20131108.vaadin1.jar;"/>
    <property name="java.vm.vendor" value="Oracle Corporation"/>
    <property name="sun.arch.data.model" value="64"/>
    <property name="user.variant" value=""/>
    <property name="java.vendor.url" value="http://java.oracle.com/"/>
    <property name="user.timezone" value="Europe/Berlin"/>
    <property name="java.vm.specification.version" value="11"/>
    <property name="os.name" value="Windows 7"/>
    <property name="sun.java.launcher" value="SUN_STANDARD"/>
    <property name="user.country" value="DE"/>
    <property name="sun.boot.library.path" value="C:\Program Files\Java\jdk-11.0.1\bin"/>
    <property name="sun.java.command" value="C:\Users\A704600\AppData\Local\Temp\surefire13883945232857475029\surefirebooter4439172339797157696.jar C:\Users\A704600\AppData\Local\Temp\surefire13883945232857475029 2019-10-01T13-26-32_906-jvmRun1 surefire10315225131456537928tmp surefire_010355430581504819567tmp"/>
    <property name="jdk.debug" value="release"/>
    <property name="surefire.test.class.path" value="C:\Users\A704600\Dropbox\REST\Spring\target\test-classes;C:\Users\A704600\Dropbox\REST\Spring\target\classes;C:\Users\A704600\.m2\repository\org\springframework\boot\spring-boot-starter\2.1.8.RELEASE\spring-boot-starter-2.1.8.RELEASE.jar;C:\Users\A704600\.m2\repository\org\springframework\boot\spring-boot\2.1.8.RELEASE\spring-boot-2.1.8.RELEASE.jar;C:\Users\A704600\.m2\repository\org\springframework\spring-context\5.1.9.RELEASE\spring-context-5.1.9.RELEASE.jar;C:\Users\A704600\.m2\repository\org\springframework\boot\spring-boot-autoconfigure\2.1.8.RELEASE\spring-boot-autoconfigure-2.1.8.RELEASE.jar;C:\Users\A704600\.m2\repository\org\springframework\boot\spring-boot-starter-logging\2.1.8.RELEASE\spring-boot-starter-logging-2.1.8.RELEASE.jar;C:\Users\A704600\.m2\repository\ch\qos\logback\logback-classic\1.2.3\logback-classic-1.2.3.jar;C:\Users\A704600\.m2\repository\ch\qos\logback\logback-core\1.2.3\logback-core-1.2.3.jar;C:\Users\A704600\.m2\repository\org\apache\logging\log4j\log4j-to-slf4j\2.11.2\log4j-to-slf4j-2.11.2.jar;C:\Users\A704600\.m2\repository\org\apache\logging\log4j\log4j-api\2.11.2\log4j-api-2.11.2.jar;C:\Users\A704600\.m2\repository\org\slf4j\jul-to-slf4j\1.7.28\jul-to-slf4j-1.7.28.jar;C:\Users\A704600\.m2\repository\javax\annotation\javax.annotation-api\1.3.2\javax.annotation-api-1.3.2.jar;C:\Users\A704600\.m2\repository\org\springframework\spring-core\5.1.9.RELEASE\spring-core-5.1.9.RELEASE.jar;C:\Users\A704600\.m2\repository\org\springframework\spring-jcl\5.1.9.RELEASE\spring-jcl-5.1.9.RELEASE.jar;C:\Users\A704600\.m2\repository\org\yaml\snakeyaml\1.23\snakeyaml-1.23.jar;C:\Users\A704600\.m2\repository\org\springframework\boot\spring-boot-starter-test\2.1.8.RELEASE\spring-boot-starter-test-2.1.8.RELEASE.jar;C:\Users\A704600\.m2\repository\org\springframework\boot\spring-boot-test\2.1.8.RELEASE\spring-boot-test-2.1.8.RELEASE.jar;C:\Users\A704600\.m2\repository\org\springframework\boot\spring-boot-test-autoconfigure\2.1.8.RELEASE\spring-boot-test-autoconfigure-2.1.8.RELEASE.jar;C:\Users\A704600\.m2\repository\com\jayway\jsonpath\json-path\2.4.0\json-path-2.4.0.jar;C:\Users\A704600\.m2\repository\net\minidev\json-smart\2.3\json-smart-2.3.jar;C:\Users\A704600\.m2\repository\net\minidev\accessors-smart\1.2\accessors-smart-1.2.jar;C:\Users\A704600\.m2\repository\junit\junit\4.12\junit-4.12.jar;C:\Users\A704600\.m2\repository\org\assertj\assertj-core\3.11.1\assertj-core-3.11.1.jar;C:\Users\A704600\.m2\repository\org\mockito\mockito-core\2.23.4\mockito-core-2.23.4.jar;C:\Users\A704600\.m2\repository\net\bytebuddy\byte-buddy\1.9.16\byte-buddy-1.9.16.jar;C:\Users\A704600\.m2\repository\net\bytebuddy\byte-buddy-agent\1.9.16\byte-buddy-agent-1.9.16.jar;C:\Users\A704600\.m2\repository\org\objenesis\objenesis\2.6\objenesis-2.6.jar;C:\Users\A704600\.m2\repository\org\hamcrest\hamcrest-core\1.3\hamcrest-core-1.3.jar;C:\Users\A704600\.m2\repository\org\hamcrest\hamcrest-library\1.3\hamcrest-library-1.3.jar;C:\Users\A704600\.m2\repository\org\skyscreamer\jsonassert\1.5.0\jsonassert-1.5.0.jar;C:\Users\A704600\.m2\repository\org\springframework\spring-test\5.1.9.RELEASE\spring-test-5.1.9.RELEASE.jar;C:\Users\A704600\.m2\repository\org\xmlunit\xmlunit-core\2.6.3\xmlunit-core-2.6.3.jar;C:\Users\A704600\.m2\repository\javax\xml\bind\jaxb-api\2.3.1\jaxb-api-2.3.1.jar;C:\Users\A704600\.m2\repository\javax\activation\javax.activation-api\1.2.0\javax.activation-api-1.2.0.jar;C:\Users\A704600\.m2\repository\org\springframework\boot\spring-boot-starter-thymeleaf\2.1.8.RELEASE\spring-boot-starter-thymeleaf-2.1.8.RELEASE.jar;C:\Users\A704600\.m2\repository\org\thymeleaf\thymeleaf-spring5\3.0.11.RELEASE\thymeleaf-spring5-3.0.11.RELEASE.jar;C:\Users\A704600\.m2\repository\org\thymeleaf\thymeleaf\3.0.11.RELEASE\thymeleaf-3.0.11.RELEASE.jar;C:\Users\A704600\.m2\repository\org\attoparser\attoparser\2.0.5.RELEASE\attoparser-2.0.5.RELEASE.jar;C:\Users\A704600\.m2\repository\org\unbescape\unbescape\1.1.6.RELEASE\unbescape-1.1.6.RELEASE.jar;C:\Users\A704600\.m2\repository\org\thymeleaf\extras\thymeleaf-extras-java8time\3.0.4.RELEASE\thymeleaf-extras-java8time-3.0.4.RELEASE.jar;C:\Users\A704600\.m2\repository\org\springframework\boot\spring-boot-starter-web\2.1.8.RELEASE\spring-boot-starter-web-2.1.8.RELEASE.jar;C:\Users\A704600\.m2\repository\org\springframework\boot\spring-boot-starter-json\2.1.8.RELEASE\spring-boot-starter-json-2.1.8.RELEASE.jar;C:\Users\A704600\.m2\repository\com\fasterxml\jackson\core\jackson-databind\2.9.9.3\jackson-databind-2.9.9.3.jar;C:\Users\A704600\.m2\repository\com\fasterxml\jackson\core\jackson-annotations\2.9.0\jackson-annotations-2.9.0.jar;C:\Users\A704600\.m2\repository\com\fasterxml\jackson\core\jackson-core\2.9.9\jackson-core-2.9.9.jar;C:\Users\A704600\.m2\repository\com\fasterxml\jackson\datatype\jackson-datatype-jdk8\2.9.9\jackson-datatype-jdk8-2.9.9.jar;C:\Users\A704600\.m2\repository\com\fasterxml\jackson\datatype\jackson-datatype-jsr310\2.9.9\jackson-datatype-jsr310-2.9.9.jar;C:\Users\A704600\.m2\repository\com\fasterxml\jackson\module\jackson-module-parameter-names\2.9.9\jackson-module-parameter-names-2.9.9.jar;C:\Users\A704600\.m2\repository\org\hibernate\validator\hibernate-validator\6.0.17.Final\hibernate-validator-6.0.17.Final.jar;C:\Users\A704600\.m2\repository\javax\validation\validation-api\2.0.1.Final\validation-api-2.0.1.Final.jar;C:\Users\A704600\.m2\repository\org\jboss\logging\jboss-logging\3.3.3.Final\jboss-logging-3.3.3.Final.jar;C:\Users\A704600\.m2\repository\com\fasterxml\classmate\1.4.0\classmate-1.4.0.jar;C:\Users\A704600\.m2\repository\org\springframework\spring-web\5.1.9.RELEASE\spring-web-5.1.9.RELEASE.jar;C:\Users\A704600\.m2\repository\org\springframework\spring-beans\5.1.9.RELEASE\spring-beans-5.1.9.RELEASE.jar;C:\Users\A704600\.m2\repository\org\springframework\spring-webmvc\5.1.9.RELEASE\spring-webmvc-5.1.9.RELEASE.jar;C:\Users\A704600\.m2\repository\org\springframework\spring-expression\5.1.9.RELEASE\spring-expression-5.1.9.RELEASE.jar;C:\Users\A704600\.m2\repository\org\springframework\boot\spring-boot-starter-jetty\2.1.6.RELEASE\spring-boot-starter-jetty-2.1.6.RELEASE.jar;C:\Users\A704600\.m2\repository\org\eclipse\jetty\jetty-servlets\9.4.19.v20190610\jetty-servlets-9.4.19.v20190610.jar;C:\Users\A704600\.m2\repository\org\eclipse\jetty\jetty-continuation\9.4.19.v20190610\jetty-continuation-9.4.19.v20190610.jar;C:\Users\A704600\.m2\repository\org\eclipse\jetty\jetty-http\9.4.19.v20190610\jetty-http-9.4.19.v20190610.jar;C:\Users\A704600\.m2\repository\org\eclipse\jetty\jetty-util\9.4.19.v20190610\jetty-util-9.4.19.v20190610.jar;C:\Users\A704600\.m2\repository\org\eclipse\jetty\jetty-io\9.4.19.v20190610\jetty-io-9.4.19.v20190610.jar;C:\Users\A704600\.m2\repository\org\eclipse\jetty\jetty-webapp\9.4.19.v20190610\jetty-webapp-9.4.19.v20190610.jar;C:\Users\A704600\.m2\repository\org\eclipse\jetty\jetty-xml\9.4.19.v20190610\jetty-xml-9.4.19.v20190610.jar;C:\Users\A704600\.m2\repository\org\eclipse\jetty\jetty-servlet\9.4.19.v20190610\jetty-servlet-9.4.19.v20190610.jar;C:\Users\A704600\.m2\repository\org\eclipse\jetty\jetty-security\9.4.19.v20190610\jetty-security-9.4.19.v20190610.jar;C:\Users\A704600\.m2\repository\org\eclipse\jetty\jetty-server\9.4.19.v20190610\jetty-server-9.4.19.v20190610.jar;C:\Users\A704600\.m2\repository\org\eclipse\jetty\websocket\websocket-server\9.4.19.v20190610\websocket-server-9.4.19.v20190610.jar;C:\Users\A704600\.m2\repository\org\eclipse\jetty\websocket\websocket-common\9.4.19.v20190610\websocket-common-9.4.19.v20190610.jar;C:\Users\A704600\.m2\repository\org\eclipse\jetty\websocket\websocket-api\9.4.19.v20190610\websocket-api-9.4.19.v20190610.jar;C:\Users\A704600\.m2\repository\org\eclipse\jetty\websocket\websocket-client\9.4.19.v20190610\websocket-client-9.4.19.v20190610.jar;C:\Users\A704600\.m2\repository\org\eclipse\jetty\jetty-client\9.4.19.v20190610\jetty-client-9.4.19.v20190610.jar;C:\Users\A704600\.m2\repository\org\eclipse\jetty\websocket\websocket-servlet\9.4.19.v20190610\websocket-servlet-9.4.19.v20190610.jar;C:\Users\A704600\.m2\repository\javax\servlet\javax.servlet-api\4.0.1\javax.servlet-api-4.0.1.jar;C:\Users\A704600\.m2\repository\org\eclipse\jetty\websocket\javax-websocket-server-impl\9.4.19.v20190610\javax-websocket-server-impl-9.4.19.v20190610.jar;C:\Users\A704600\.m2\repository\org\eclipse\jetty\jetty-annotations\9.4.19.v20190610\jetty-annotations-9.4.19.v20190610.jar;C:\Users\A704600\.m2\repository\org\eclipse\jetty\jetty-plus\9.4.19.v20190610\jetty-plus-9.4.19.v20190610.jar;C:\Users\A704600\.m2\repository\org\ow2\asm\asm\7.1\asm-7.1.jar;C:\Users\A704600\.m2\repository\org\ow2\asm\asm-commons\7.1\asm-commons-7.1.jar;C:\Users\A704600\.m2\repository\org\ow2\asm\asm-tree\7.1\asm-tree-7.1.jar;C:\Users\A704600\.m2\repository\org\ow2\asm\asm-analysis\7.1\asm-analysis-7.1.jar;C:\Users\A704600\.m2\repository\org\eclipse\jetty\websocket\javax-websocket-client-impl\9.4.19.v20190610\javax-websocket-client-impl-9.4.19.v20190610.jar;C:\Users\A704600\.m2\repository\javax\websocket\javax.websocket-api\1.1\javax.websocket-api-1.1.jar;C:\Users\A704600\.m2\repository\org\mortbay\jasper\apache-el\8.5.40\apache-el-8.5.40.jar;C:\Users\A704600\.m2\repository\org\springframework\boot\spring-boot-starter-security\2.1.8.RELEASE\spring-boot-starter-security-2.1.8.RELEASE.jar;C:\Users\A704600\.m2\repository\org\springframework\spring-aop\5.1.9.RELEASE\spring-aop-5.1.9.RELEASE.jar;C:\Users\A704600\.m2\repository\org\springframework\security\spring-security-config\5.1.6.RELEASE\spring-security-config-5.1.6.RELEASE.jar;C:\Users\A704600\.m2\repository\org\springframework\security\spring-security-core\5.1.6.RELEASE\spring-security-core-5.1.6.RELEASE.jar;C:\Users\A704600\.m2\repository\org\springframework\security\spring-security-web\5.1.6.RELEASE\spring-security-web-5.1.6.RELEASE.jar;C:\Users\A704600\.m2\repository\com\google\code\gson\gson\2.8.5\gson-2.8.5.jar;C:\Users\A704600\.m2\repository\com\google\cloud\google-cloud-firestore\1.23.0\google-cloud-firestore-1.23.0.jar;C:\Users\A704600\.m2\repository\com\google\cloud\google-cloud-core-grpc\1.90.0\google-cloud-core-grpc-1.90.0.jar;C:\Users\A704600\.m2\repository\com\google\auth\google-auth-library-credentials\0.17.1\google-auth-library-credentials-0.17.1.jar;C:\Users\A704600\.m2\repository\com\google\cloud\google-cloud-core\1.90.0\google-cloud-core-1.90.0.jar;C:\Users\A704600\.m2\repository\com\google\api\gax\1.48.1\gax-1.48.1.jar;C:\Users\A704600\.m2\repository\com\google\protobuf\protobuf-java-util\3.9.1\protobuf-java-util-3.9.1.jar;C:\Users\A704600\.m2\repository\com\google\errorprone\error_prone_annotations\2.3.2\error_prone_annotations-2.3.2.jar;C:\Users\A704600\.m2\repository\com\google\api\grpc\proto-google-iam-v1\0.12.0\proto-google-iam-v1-0.12.0.jar;C:\Users\A704600\.m2\repository\com\google\api\gax-grpc\1.48.1\gax-grpc-1.48.1.jar;C:\Users\A704600\.m2\repository\io\grpc\grpc-stub\1.23.0\grpc-stub-1.23.0.jar;C:\Users\A704600\.m2\repository\io\grpc\grpc-api\1.23.0\grpc-api-1.23.0.jar;C:\Users\A704600\.m2\repository\io\grpc\grpc-auth\1.23.0\grpc-auth-1.23.0.jar;C:\Users\A704600\.m2\repository\io\grpc\grpc-protobuf\1.23.0\grpc-protobuf-1.23.0.jar;C:\Users\A704600\.m2\repository\io\grpc\grpc-protobuf-lite\1.23.0\grpc-protobuf-lite-1.23.0.jar;C:\Users\A704600\.m2\repository\org\threeten\threetenbp\1.3.3\threetenbp-1.3.3.jar;C:\Users\A704600\.m2\repository\io\grpc\grpc-netty-shaded\1.23.0\grpc-netty-shaded-1.23.0.jar;C:\Users\A704600\.m2\repository\io\grpc\grpc-core\1.23.0\grpc-core-1.23.0.jar;C:\Users\A704600\.m2\repository\com\google\android\annotations\4.1.1.4\annotations-4.1.1.4.jar;C:\Users\A704600\.m2\repository\io\perfmark\perfmark-api\0.17.0\perfmark-api-0.17.0.jar;C:\Users\A704600\.m2\repository\io\opencensus\opencensus-contrib-grpc-metrics\0.21.0\opencensus-contrib-grpc-metrics-0.21.0.jar;C:\Users\A704600\.m2\repository\io\grpc\grpc-alts\1.23.0\grpc-alts-1.23.0.jar;C:\Users\A704600\.m2\repository\io\grpc\grpc-grpclb\1.23.0\grpc-grpclb-1.23.0.jar;C:\Users\A704600\.m2\repository\org\apache\commons\commons-lang3\3.8.1\commons-lang3-3.8.1.jar;C:\Users\A704600\.m2\repository\com\google\api\grpc\proto-google-cloud-firestore-admin-v1\1.23.0\proto-google-cloud-firestore-admin-v1-1.23.0.jar;C:\Users\A704600\.m2\repository\com\google\protobuf\protobuf-java\3.10.0\protobuf-java-3.10.0.jar;C:\Users\A704600\.m2\repository\com\google\api\grpc\proto-google-common-protos\1.16.0\proto-google-common-protos-1.16.0.jar;C:\Users\A704600\.m2\repository\com\google\api\grpc\proto-google-cloud-firestore-v1\1.23.0\proto-google-cloud-firestore-v1-1.23.0.jar;C:\Users\A704600\.m2\repository\com\google\api\grpc\proto-google-cloud-firestore-v1beta1\0.76.0\proto-google-cloud-firestore-v1beta1-0.76.0.jar;C:\Users\A704600\.m2\repository\io\opencensus\opencensus-contrib-grpc-util\0.24.0\opencensus-contrib-grpc-util-0.24.0.jar;C:\Users\A704600\.m2\repository\io\opencensus\opencensus-api\0.24.0\opencensus-api-0.24.0.jar;C:\Users\A704600\.m2\repository\io\grpc\grpc-context\1.22.1\grpc-context-1.22.1.jar;C:\Users\A704600\.m2\repository\com\google\firebase\firebase-admin\6.10.0\firebase-admin-6.10.0.jar;C:\Users\A704600\.m2\repository\com\google\api-client\google-api-client\1.30.1\google-api-client-1.30.1.jar;C:\Users\A704600\.m2\repository\com\google\oauth-client\google-oauth-client\1.30.1\google-oauth-client-1.30.1.jar;C:\Users\A704600\.m2\repository\com\google\http-client\google-http-client-jackson2\1.30.1\google-http-client-jackson2-1.30.1.jar;C:\Users\A704600\.m2\repository\com\google\api-client\google-api-client-gson\1.30.1\google-api-client-gson-1.30.1.jar;C:\Users\A704600\.m2\repository\com\google\http-client\google-http-client-gson\1.30.1\google-http-client-gson-1.30.1.jar;C:\Users\A704600\.m2\repository\com\google\http-client\google-http-client\1.30.1\google-http-client-1.30.1.jar;C:\Users\A704600\.m2\repository\org\apache\httpcomponents\httpclient\4.5.9\httpclient-4.5.9.jar;C:\Users\A704600\.m2\repository\org\apache\httpcomponents\httpcore\4.4.12\httpcore-4.4.12.jar;C:\Users\A704600\.m2\repository\commons-codec\commons-codec\1.11\commons-codec-1.11.jar;C:\Users\A704600\.m2\repository\com\google\code\findbugs\jsr305\3.0.2\jsr305-3.0.2.jar;C:\Users\A704600\.m2\repository\com\google\j2objc\j2objc-annotations\1.3\j2objc-annotations-1.3.jar;C:\Users\A704600\.m2\repository\io\opencensus\opencensus-contrib-http-util\0.21.0\opencensus-contrib-http-util-0.21.0.jar;C:\Users\A704600\.m2\repository\com\google\api\api-common\1.8.1\api-common-1.8.1.jar;C:\Users\A704600\.m2\repository\com\google\auth\google-auth-library-oauth2-http\0.16.1\google-auth-library-oauth2-http-0.16.1.jar;C:\Users\A704600\.m2\repository\com\google\cloud\google-cloud-storage\1.79.0\google-cloud-storage-1.79.0.jar;C:\Users\A704600\.m2\repository\com\google\cloud\google-cloud-core-http\1.79.0\google-cloud-core-http-1.79.0.jar;C:\Users\A704600\.m2\repository\com\google\http-client\google-http-client-appengine\1.30.1\google-http-client-appengine-1.30.1.jar;C:\Users\A704600\.m2\repository\com\google\api\gax-httpjson\0.63.1\gax-httpjson-0.63.1.jar;C:\Users\A704600\.m2\repository\com\google\apis\google-api-services-storage\v1-rev20190523-1.28.0\google-api-services-storage-v1-rev20190523-1.28.0.jar;C:\Users\A704600\.m2\repository\com\google\guava\guava\26.0-android\guava-26.0-android.jar;C:\Users\A704600\.m2\repository\org\checkerframework\checker-compat-qual\2.5.2\checker-compat-qual-2.5.2.jar;C:\Users\A704600\.m2\repository\org\codehaus\mojo\animal-sniffer-annotations\1.14\animal-sniffer-annotations-1.14.jar;C:\Users\A704600\.m2\repository\org\slf4j\slf4j-api\1.7.28\slf4j-api-1.7.28.jar;C:\Users\A704600\.m2\repository\io\netty\netty-codec-http\4.1.39.Final\netty-codec-http-4.1.39.Final.jar;C:\Users\A704600\.m2\repository\io\netty\netty-common\4.1.39.Final\netty-common-4.1.39.Final.jar;C:\Users\A704600\.m2\repository\io\netty\netty-buffer\4.1.39.Final\netty-buffer-4.1.39.Final.jar;C:\Users\A704600\.m2\repository\io\netty\netty-codec\4.1.39.Final\netty-codec-4.1.39.Final.jar;C:\Users\A704600\.m2\repository\io\netty\netty-handler\4.1.39.Final\netty-handler-4.1.39.Final.jar;C:\Users\A704600\.m2\repository\io\netty\netty-transport\4.1.39.Final\netty-transport-4.1.39.Final.jar;C:\Users\A704600\.m2\repository\io\netty\netty-resolver\4.1.39.Final\netty-resolver-4.1.39.Final.jar;C:\Users\A704600\.m2\repository\com\vaadin\external\google\android-json\0.0.20131108.vaadin1\android-json-0.0.20131108.vaadin1.jar;"/>
    <property name="sun.cpu.endian" value="little"/>
    <property name="user.home" value="C:\Users\A704600"/>
    <property name="user.language" value="de"/>
    <property name="java.specification.vendor" value="Oracle Corporation"/>
    <property name="java.version.date" value="2018-10-16"/>
    <property name="java.home" value="C:\Program Files\Java\jdk-11.0.1"/>
    <property name="file.separator" value="\"/>
    <property name="basedir" value="C:\Users\A704600\Dropbox\REST\Spring"/>
    <property name="java.vm.compressedOopsMode" value="32-bit"/>
    <property name="line.separator" value="&#10;"/>
    <property name="java.specification.name" value="Java Platform API Specification"/>
    <property name="java.vm.specification.vendor" value="Oracle Corporation"/>
    <property name="java.awt.graphicsenv" value="sun.awt.Win32GraphicsEnvironment"/>
    <property name="surefire.real.class.path" value="C:\Users\A704600\AppData\Local\Temp\surefire13883945232857475029\surefirebooter4439172339797157696.jar"/>
    <property name="user.script" value=""/>
    <property name="sun.management.compiler" value="HotSpot 64-Bit Tiered Compilers"/>
    <property name="java.runtime.version" value="11.0.1+13-LTS"/>
    <property name="user.name" value="A704600"/>
    <property name="path.separator" value=";"/>
    <property name="os.version" value="6.1"/>
    <property name="java.runtime.name" value="Java(TM) SE Runtime Environment"/>
    <property name="file.encoding" value="Cp1252"/>
    <property name="java.vm.name" value="Java HotSpot(TM) 64-Bit Server VM"/>
    <property name="java.vendor.version" value="18.9"/>
    <property name="localRepository" value="C:\Users\A704600\.m2\repository"/>
    <property name="java.vendor.url.bug" value="http://bugreport.java.com/bugreport/"/>
    <property name="java.io.tmpdir" value="C:\Users\A704600\AppData\Local\Temp\"/>
    <property name="java.version" value="11.0.1"/>
    <property name="user.dir" value="C:\Users\A704600\Dropbox\REST\Spring"/>
    <property name="os.arch" value="amd64"/>
    <property name="java.vm.specification.name" value="Java Virtual Machine Specification"/>
    <property name="java.awt.printerjob" value="sun.awt.windows.WPrinterJob"/>
    <property name="sun.os.patch.level" value="Service Pack 1"/>
    <property name="java.library.path" value="C:\Program Files\Java\jdk-11.0.1\bin;C:\WINDOWS\Sun\Java\bin;C:\WINDOWS\system32;C:\WINDOWS;C:\Users\A704600\bin;C:\Program Files\Git\mingw64\bin;C:\Program Files\Git\usr\local\bin;C:\Program Files\Git\usr\bin;C:\Program Files\Git\usr\bin;C:\Program Files\Git\mingw64\bin;C:\Program Files\Git\usr\bin;C:\Users\A704600\bin;C:\Program Files (x86)\Common Files\Oracle\Java\javapath;C:\WINDOWS\system32;C:\WINDOWS;C:\WINDOWS\System32\Wbem;C:\WINDOWS\System32\WindowsPowerShell\v1.0;C:\WINDOWS\System32\WindowsPowerShell\v1.0;C:\WINDOWS\System32\WindowsPowerShell\v1.0;C:\Program Files\Git\cmd;C:\Program Files\Git\mingw64\bin;C:\Program Files\Git\usr\bin;C:\Users\A704600\Desktop\Uni\SE\Maven\apache-maven-3.5.4\bin;C:\Program Files\PuTTY;C:\WINDOWS\System32\WindowsPowerShell\v1.0;C:\Users\A704600\AppData\Local\Programs\Python\Python37-32\Scripts;C:\Users\A704600\AppData\Local\Programs\Python\Python37-32;C:\Users\A704600\AppData\Local\atom\bin;C:\Users\A704600\AppData\Local\Programs\MiKTeX 2.9\miktex\bin\x64;C:\Users\A704600\AppData\Local\GitHubDesktop\bin;C:\Program Files\Docker Toolbox;C:\Users\A704600\AppData\Local\Google\Cloud SDK\google-cloud-sdk\bin;C:\Users\A704600\Downloads\apache-maven-3.6.2-bin\apache-maven-3.6.2\bin;C:\Program Files\Git\usr\bin\vendor_perl;C:\Program Files\Git\usr\bin\core_perl;."/>
    <property name="java.vendor" value="Oracle Corporation"/>
    <property name="java.vm.info" value="mixed mode"/>
    <property name="java.vm.version" value="11.0.1+13-LTS"/>
    <property name="sun.io.unicode.encoding" value="UnicodeLittle"/>
    <property name="java.class.version" value="55.0"/>
  </properties>
  <testcase name="contextLoads" classname="com.example.demo.DemoApplicationTests" time="0.895"/>
</testsuite>